<?xml version="1.0" encoding="UTF-8"?>
<!-- Generated by org.testng.reporters.JUnitReportReporter -->
<testsuite hostname="DESKTOP-LV13OB6" failures="0" tests="3" name="com.mystore.testcases.HomePageTest" time="35.186" errors="0" timestamp="2023-05-09T17:18:18 IST" skipped="0">
  <testcase classname="com.mystore.testcases.HomePageTest" name="SignOutTest" time="10.619"/>
  <system-out/>
  <testcase classname="com.mystore.testcases.HomePageTest" name="navigateToMyWishList" time="13.205"/>
  <system-out/>
  <testcase classname="com.mystore.testcases.HomePageTest" name="navigateToMyAccountPage" time="11.362"/>
  <system-out/>
</testsuite> <!-- com.mystore.testcases.HomePageTest -->
