<?xml version="1.0" encoding="UTF-8"?>
<!-- Generated by org.testng.reporters.JUnitReportReporter -->
<testsuite hostname="DESKTOP-LV13OB6" failures="0" tests="1" name="com.mystore.testcases.LoginPageTest" time="21.555" errors="0" timestamp="2023-05-07T15:50:00 IST" skipped="0">
  <testcase classname="com.mystore.testcases.LoginPageTest" name="verifyHomePageURL" time="21.555"/>
  <system-out/>
</testsuite> <!-- com.mystore.testcases.LoginPageTest -->
