<?xml version="1.0" encoding="UTF-8"?>
<!-- Generated by org.testng.reporters.JUnitReportReporter -->
<testsuite hostname="DESKTOP-LV13OB6" failures="0" tests="3" name="com.mystore.testcases.TestNGExample" time="67.801" errors="0" timestamp="2023-05-06T23:33:09 IST" skipped="0">
  <testcase classname="com.mystore.testcases.TestNGExample" name="signIn" time="23.803"/>
  <system-out/>
  <testcase classname="com.mystore.testcases.TestNGExample" name="testWebsite" time="23.132"/>
  <system-out/>
  <testcase classname="com.mystore.testcases.TestNGExample" name="searchItem" time="20.866"/>
  <system-out/>
</testsuite> <!-- com.mystore.testcases.TestNGExample -->
