<?xml version="1.0" encoding="UTF-8"?>
<!-- Generated by org.testng.reporters.JUnitReportReporter -->
<testsuite hostname="DESKTOP-LV13OB6" failures="0" tests="2" name="com.mystore.testcases.IndexPageTest" time="23.562" errors="0" timestamp="2023-05-06T23:44:12 IST" skipped="0">
  <testcase classname="com.mystore.testcases.IndexPageTest" name="verifyLogo" time="13.280"/>
  <system-out/>
  <testcase classname="com.mystore.testcases.IndexPageTest" name="verifyTitle" time="10.282"/>
  <system-out/>
</testsuite> <!-- com.mystore.testcases.IndexPageTest -->
